[INFO]  [2025-06-15 10:34:17] Checking for required packages
[WARN]  [2025-06-15 10:34:17] xorg-xwininfo not found
[WARN]  [2025-06-15 10:34:17] gptfdisk not found
[WARN]  [2025-06-15 10:34:17] Installing missing packages: xorg-xwininfo gptfdisk
[INFO]  [2025-06-15 10:34:20] Checking root privileges
[INFO]  [2025-06-15 10:34:20] Initializing installation environment
[INFO]  [2025-06-15 10:34:20] Checking for active swap partitions
[INFO]  [2025-06-15 10:34:20] Found active swap partitions: /dev/nvme0n1p3
[INFO]  [2025-06-15 10:34:24] All swap partitions deactivated
[INFO]  [2025-06-15 10:34:24] Sourcing installation scripts
[INFO]  [2025-06-15 10:34:24] Using provided ZFS pool name: myshra
[INFO]  [2025-06-15 10:34:24] Starting main installation process
[INFO]  [2025-06-15 10:34:24] Selected filesystem: zfs
[INFO]  [2025-06-15 10:34:24] Installing Chaotic AUR
[INFO]  [2025-06-15 10:34:24] Starting Chaotic AUR installation
gpg: chiave 3056513887B78AEB: "Pedro Henrique Lara Campos <root@pedrohlc.com>" non modificata
gpg: Numero totale esaminato: 1
gpg:         non modificate: 1
  -> È stata firmata localmente 1 chiave.
==> Aggiornamento del database in corso...
gpg: il prossimo controllo del trustdb sarà fatto il 2025-07-01
:: Sincronizzazione dei database in corso...
download di system in corso...
download di world in corso...
download di galaxy in corso...
download di lib32 in corso...
download di universe in corso...
download di extra in corso...
download di multilib in corso...
download di chaotic-aur in corso...
download di garuda in corso...
caricamento dei pacchetti in corso...
risoluzione delle dipendenze in corso...
ricerca dei pacchetti in conflitto in corso...

Pacchetto (1)    Nuova versione  Variazione netta

chaotic-keyring  20230616-1              0.03 MiB

Dimensione totale dei pacchetti da installare:  0.03 MiB

:: Vuoi procedere con l'installazione? [S/n] y
caricamento dei pacchetti in corso...
risoluzione delle dipendenze in corso...
ricerca dei pacchetti in conflitto in corso...

Pacchetto (1)       Nuova versione  Variazione netta

chaotic-mirrorlist  20240724-2              0.00 MiB

Dimensione totale dei pacchetti da installare:  0.00 MiB

:: Vuoi procedere con l'installazione? [S/n] y
[INFO]  [2025-06-15 10:34:29] Adding repositories
[INFO]  [2025-06-15 10:34:29] Starting repository configuration
:: Sincronizzazione dei database in corso...
download di system in corso...
download di world in corso...
download di galaxy in corso...
download di lib32 in corso...
download di universe in corso...
download di extra in corso...
download di multilib in corso...
download di chaotic-aur in corso...
download di garuda in corso...
attenzione: artix-archlinux-support-4.2-1 è aggiornato ma sarà reinstallato
risoluzione delle dipendenze in corso...
ricerca dei pacchetti in conflitto in corso...

Pacchetto (1)                   Vecchia versione  Nuova versione  Variazione netta

galaxy/artix-archlinux-support  4.2-1             4.2-1                   0,00 MiB

Dimensione totale dei pacchetti da installare:  0,00 MiB
Dimensione netta dell'aggiornamento:            0,00 MiB

:: Vuoi procedere con l'installazione? [S/n] 
verifica del portachiavi in corso...
verifica dell'integrità dei pacchetti in corso...
caricamento dei file dei pacchetti in corso...
controllo dei conflitti in corso...
controllo dello spazio disponibile sul disco...
:: Elaborazione delle modifiche al pacchetto...
reinstallazione di artix-archlinux-support in corso...
[INFO]  [2025-06-15 10:34:31] Installing ZFS support
[INFO]  [2025-06-15 10:34:40] Configuring installation variables
[INFO]  [2025-06-15 10:34:40] Setting up system
[INFO]  [2025-06-15 10:34:40] Starting disk partitioning

***************************************************************
Found invalid GPT and valid MBR; converting MBR to GPT format
in memory. 
***************************************************************


Warning! Secondary partition table overlaps the last partition by
33 blocks!
You will need to delete this partition or resize it in another utility.
Warning: The kernel is still using the old partition table.
The new table will be used at the next reboot or after you
run partprobe(8) or kpartx(8)
GPT data structures destroyed! You may now partition the disk using fdisk or
other utilities.
Creating new GPT entries in memory.
Warning: The kernel is still using the old partition table.
The new table will be used at the next reboot or after you
run partprobe(8) or kpartx(8)
The operation has completed successfully.
Warning: The kernel is still using the old partition table.
The new table will be used at the next reboot or after you
run partprobe(8) or kpartx(8)
The operation has completed successfully.
Warning: The kernel is still using the old partition table.
The new table will be used at the next reboot or after you
run partprobe(8) or kpartx(8)
The operation has completed successfully.
[INFO]  [2025-06-15 10:34:51] Partitioning completed successfully
[INFO]  [2025-06-15 10:34:51] Setting up filesystem
[INFO]  [2025-06-15 10:34:51] Starting ZFS root pool creation
  pool: myshra
 state: ONLINE
config:

	NAME                                                  STATE     READ WRITE CKSUM
	myshra                                                ONLINE       0     0     0
	  usb-SanDisk_SD9SB8W128G1014_0000000046DC-0:0-part2  ONLINE       0     0     0

errors: No known data errors
[INFO]  [2025-06-15 10:34:55] Root pool created successfully
[INFO]  [2025-06-15 10:34:55] Starting ZFS dataset creation
NAME              USED  AVAIL  REFER  MOUNTPOINT
myshra/os/artix    96K  83.3G    96K  /mnt/artix
NAME          USED  AVAIL  REFER  MOUNTPOINT
myshra/home    96K  83.3G    96K  /mnt/artix/home
[INFO]  [2025-06-15 10:34:55] Datasets created successfully
[INFO]  [2025-06-15 10:34:55] Starting ZFS dataset mounting
[INFO]  [2025-06-15 10:34:56] Checking for existing ZFS pools
[INFO]  [2025-06-15 10:34:56] All datasets mounted successfully
[INFO]  [2025-06-15 10:34:59] Setting up EFI and swap partitions
mkfs.fat: unable to open /dev/disk/by-id/usb-SanDisk_SD9SB8W128G1014_0000000046DC-0:0-part1: Device or resource busy
mkfs.fat 4.2 (2021-01-31)
mkswap: /dev/disk/by-id/usb-SanDisk_SD9SB8W128G1014_0000000046DC-0:0-part3: warning: wiping old swap signature.
Setting up swapspace version 1, size = 32 GiB (34359017472 bytes)
LABEL=SWAP, UUID=83c74ccf-d6ee-4809-a4ca-fb4c3bc89b09
[INFO]  [2025-06-15 10:35:01] EFI and swap setup completed successfully
[INFO]  [2025-06-15 10:35:01] Starting package installation
==> Creating install root at /mnt/artix
==> Installing packages to /mnt/artix
:: Synchronizing package databases...
 system downloading...
 world downloading...
 galaxy downloading...
 lib32 downloading...
 universe downloading...
 extra downloading...
 multilib downloading...
 chaotic-aur downloading...
resolving dependencies...
:: There are 3 providers available for libegl:
:: Repository world
   1) libglvnd
:: Repository extra
   2) libglvnd
:: Repository chaotic-aur
   3) nvidia-340xx-utils

Enter a number (default=1): 
looking for conflicting packages...
warning: dependency cycle detected:
warning: libelogind will be installed before its libcap dependency
warning: dependency cycle detected:
warning: libudev will be installed before its libcap dependency
warning: dependency cycle detected:
warning: harfbuzz will be installed before its freetype2 dependency
warning: dependency cycle detected:
warning: mesa will be installed before its libglvnd dependency

Package (304)                         New Version                Net Change  Download Size

world/adwaita-cursors                 48.1-1                      11,41 MiB       0,35 MiB
world/adwaita-fonts                   48.2-1                       7,12 MiB       2,09 MiB
world/adwaita-icon-theme              48.1-1                       1,15 MiB       0,19 MiB
world/adwaita-icon-theme-legacy       46.2-3                       2,23 MiB       2,17 MiB
world/aom                             3.12.1-1                     8,69 MiB       2,74 MiB
world/at-spi2-core                    2.56.2-1                     3,96 MiB       0,56 MiB
world/avahi                           1:0.8+r194+g3f79789-3        1,88 MiB       0,42 MiB
world/bubblewrap                      0.11.0-1                     0,09 MiB       0,04 MiB
world/cairo                           1.18.4-1                     1,60 MiB       0,61 MiB
world/dav1d                           1.5.1-1                      1,77 MiB       0,63 MiB
world/dconf                           0.40.0-3                     0,45 MiB       0,10 MiB
world/default-cursors                 3-1                          0,00 MiB       0,00 MiB
world/desktop-file-utils              0.28-1                       0,18 MiB       0,04 MiB
world/enchant                         2.8.2-2                      0,24 MiB       0,07 MiB
world/fontconfig                      2:2.16.2-1                   1,11 MiB       0,36 MiB
world/freetype2                       2.13.3-3                     1,62 MiB       0,51 MiB
world/fribidi                         1.0.16-2                     0,24 MiB       0,07 MiB
world/gdk-pixbuf2                     2.42.12-2                    2,99 MiB       0,51 MiB
world/giflib                          5.2.2-2                      0,27 MiB       0,07 MiB
world/glib-networking                 1:2.80.1-1                   0,64 MiB       0,14 MiB
world/gperftools                      2.16-1                       2,33 MiB       0,58 MiB
world/graphene                        1.10.8-2                     0,98 MiB       0,10 MiB
world/graphite                        1:1.3.14-4                   0,20 MiB       0,08 MiB
world/gsettings-desktop-schemas       48.0-1                       5,39 MiB       0,72 MiB
world/gsettings-system-schemas        48.0-1                       0,01 MiB       0,01 MiB
world/gspell                          1.14.0-2                     0,44 MiB       0,10 MiB
world/gssdp                           1.6.3-2                      0,24 MiB       0,05 MiB
world/gst-plugins-bad-libs            1.26.2-2                    12,72 MiB       2,93 MiB
world/gst-plugins-base-libs           1.26.2-2                    12,57 MiB       2,39 MiB
world/gstreamer                       1.26.2-2                    11,46 MiB       2,04 MiB
world/gtk-update-icon-cache           1:4.18.6-1                   0,04 MiB       0,02 MiB
world/gtk3                            1:3.24.49-2                 53,22 MiB       8,70 MiB
world/gtksourceview3                  1:3.24.11+r30+gd880929f-1    3,91 MiB       0,60 MiB
world/gupnp                           1:1.6.8-2                    0,70 MiB       0,12 MiB
world/gupnp-igd                       1.6.0-2                      0,11 MiB       0,03 MiB
world/harfbuzz                        11.2.1-1                     4,22 MiB       1,09 MiB
world/harfbuzz-icu                    11.2.1-1                     0,02 MiB       0,01 MiB
world/hicolor-icon-theme              0.18-1                       0,05 MiB       0,01 MiB
world/hidapi                          0.15.0-1                     0,13 MiB       0,04 MiB
world/highway                         1.2.0-1                      8,19 MiB       1,10 MiB
world/hyphen                          2.8.8-6                      0,03 MiB       0,02 MiB
world/iso-codes                       4.18.0-1                    21,40 MiB       3,41 MiB
world/jbigkit                         2.1-8                        0,16 MiB       0,05 MiB
world/json-glib                       1.10.6-1.1                   1,01 MiB       0,17 MiB
world/lcms2                           2.17-1                       0,67 MiB       0,21 MiB
world/libavif                         1.3.0-1                      0,75 MiB       0,26 MiB
world/libcloudproviders               0.3.6-2                      0,48 MiB       0,06 MiB
world/libcolord                       1.4.7-2                      1,24 MiB       0,18 MiB
world/libcups                         2:2.4.12-2                   0,76 MiB       0,27 MiB
world/libdatrie                       0.2.13-4                     0,48 MiB       0,11 MiB
world/libdrm                          2.4.125-1                    1,26 MiB       0,34 MiB
system/libedit                        20250104_3.1-1               0,26 MiB       0,11 MiB
system/libeinfo                       0.62.3-2                     0,28 MiB       0,02 MiB
world/libepoxy                        1.5.10-3                     2,70 MiB       0,30 MiB
world/libevdev                        1.13.4-1                     0,21 MiB       0,06 MiB
world/libglvnd                        1.7.0-3                      3,34 MiB       0,32 MiB
world/libgudev                        238-3                        0,38 MiB       0,04 MiB
world/libjpeg-turbo                   3.1.0-1                      2,39 MiB       0,55 MiB
world/libjxl                          0.11.1-3                     8,29 MiB       1,97 MiB
world/libmanette                      0.2.12-1                     0,38 MiB       0,05 MiB
world/libnice                         0.1.22-2                     1,82 MiB       0,31 MiB
world/libpciaccess                    0.18.1-2                     0,06 MiB       0,02 MiB
world/libpng                          1.6.48-1                     0,57 MiB       0,25 MiB
world/libproxy                        0.5.9-1                      0,10 MiB       0,03 MiB
world/librsvg                         2:2.60.0-2                  10,65 MiB       2,30 MiB
world/libsoup3                        3.6.5-1                      1,95 MiB       0,39 MiB
world/libstemmer                      3.0.1-1                      0,60 MiB       0,13 MiB
world/libthai                         0.1.29-3                     1,22 MiB       0,27 MiB
world/libtiff                         4.7.0-1                      1,79 MiB       0,48 MiB
world/libunwind                       1.8.1-3                      0,29 MiB       0,12 MiB
world/libva                           2.22.0-1                     0,97 MiB       0,19 MiB
world/libwebp                         1.5.0-1                      1,16 MiB       0,36 MiB
world/libx11                          1.8.12-1                     9,79 MiB       2,00 MiB
world/libxau                          1.0.12-1                     0,02 MiB       0,01 MiB
world/libxcb                          1.17.0-1                     3,86 MiB       0,97 MiB
world/libxcomposite                   0.4.6-2                      0,02 MiB       0,01 MiB
world/libxcursor                      1.2.3-1                      0,07 MiB       0,03 MiB
world/libxdamage                      1.1.6-2                      0,02 MiB       0,01 MiB
world/libxdmcp                        1.1.5-1                      0,13 MiB       0,03 MiB
world/libxext                         1.3.6-1.1                    0,30 MiB       0,10 MiB
world/libxfixes                       6.0.1-2                      0,04 MiB       0,01 MiB
world/libxft                          2.3.9-1                      0,13 MiB       0,06 MiB
world/libxi                           1.8.2-1                      0,48 MiB       0,15 MiB
world/libxinerama                     1.1.5-2                      0,02 MiB       0,01 MiB
world/libxkbcommon                    1.10.0-1                     0,90 MiB       0,24 MiB
world/libxkbcommon-x11                1.10.0-1                     0,09 MiB       0,03 MiB
world/libxrandr                       1.5.4-1                      0,07 MiB       0,03 MiB
world/libxrender                      0.9.12-1                     0,10 MiB       0,03 MiB
world/libxshmfence                    1.3.3-1                      0,02 MiB       0,01 MiB
world/libxslt                         1.1.43-2                     0,78 MiB       0,20 MiB
world/libxtst                         1.2.5-1                      0,11 MiB       0,03 MiB
world/libxv                           1.0.13-1                     0,06 MiB       0,03 MiB
world/libxxf86vm                      1.1.6-1                      0,03 MiB       0,02 MiB
world/libyuv                          r2426+464c51a03-1            1,86 MiB       0,30 MiB
world/llvm-libs                       20.1.6-3                   150,07 MiB      37,71 MiB
world/lm_sensors                      1:3.6.2-1.1                  0,47 MiB       0,13 MiB
system/lzo                            2.10-5                       0,38 MiB       0,09 MiB
world/mesa                            1:25.1.3-3                  40,86 MiB      10,15 MiB
world/openjpeg2                       2.5.3-1                     13,87 MiB       0,89 MiB
world/orc                             0.4.41-1                     1,30 MiB       0,26 MiB
world/pango                           1:1.56.3-1                   2,32 MiB       0,41 MiB
world/pixman                          0.46.2-1                     0,74 MiB       0,28 MiB
world/rav1e                           0.7.1-1                      7,52 MiB       1,56 MiB
world/shared-mime-info                2.4-2                        4,57 MiB       0,60 MiB
world/spirv-tools                     1:1.4.313.0-1                7,20 MiB       1,73 MiB
world/svt-av1                         3.0.2-1                      5,72 MiB       1,99 MiB
world/tinysparql                      3.9.2-2                      3,85 MiB       1,04 MiB
world/vulkan-icd-loader               1.4.313.0-1                  0,54 MiB       0,14 MiB
world/wayland                         1.23.1-2                     0,81 MiB       0,14 MiB
world/webkit2gtk-4.1                  2.48.3-1                   124,76 MiB      33,04 MiB
world/woff2                           1.0.2-6                      0,17 MiB       0,06 MiB
world/xcb-proto                       1.17.0-3                     1,02 MiB       0,13 MiB
world/xdg-dbus-proxy                  0.1.6-1                      0,06 MiB       0,03 MiB
world/xkeyboard-config                2.45-1                      10,16 MiB       0,85 MiB
world/xorg-xprop                      1.2.8-1                      0,05 MiB       0,03 MiB
world/xorgproto                       2024.1-2                     1,46 MiB       0,24 MiB
system/acl                            2.3.2-1                      0,32 MiB       0,13 MiB
system/artix-keyring                  20250105-1                   0,20 MiB       0,13 MiB
system/artix-mirrorlist               20250410-1                   0,00 MiB       0,00 MiB
system/attr                           2.5.2-1                      0,21 MiB       0,07 MiB
system/audit                          4.0.5-1                      1,05 MiB       0,39 MiB
system/autoconf                       2.72-1                       2,22 MiB       0,64 MiB
system/automake                       1.18-1                       1,64 MiB       0,62 MiB
system/base                           3-5                          0,00 MiB       0,00 MiB
system/base-devel                     1-2                          0,00 MiB       0,00 MiB
system/bash                           5.2.037-5                    9,18 MiB       1,80 MiB
system/binutils                       2.44+r94+gfe459e33c676-1    41,81 MiB       7,67 MiB
system/bison                          3.8.2-8.1                    2,53 MiB       0,75 MiB
system/brotli                         1.1.0-3                      1,00 MiB       0,38 MiB
system/bzip2                          1.0.8-6                      0,14 MiB       0,06 MiB
system/ca-certificates                20240618-1                   0,00 MiB       0,00 MiB
system/ca-certificates-mozilla        3.112-1                      1,04 MiB       0,38 MiB
system/ca-certificates-utils          20240618-1                   0,01 MiB       0,01 MiB
system/coreutils                      9.7-1                       16,10 MiB       2,75 MiB
system/curl                           8.14.1-1                     2,03 MiB       1,18 MiB
system/db5.3                          5.3.28-5                     6,45 MiB       1,22 MiB
system/dbus                           1.16.2-1.1                   0,89 MiB       0,30 MiB
system/dbus-openrc                    20250310-1                   0,00 MiB       0,00 MiB
system/debugedit                      5.1-1                        0,10 MiB       0,04 MiB
system/device-mapper                  2.03.32-1.1                  0,75 MiB       0,28 MiB
world/dhcpcd                          10.2.4-1                     0,46 MiB       0,20 MiB
system/dhcpcd-openrc                  20210505-1                   0,00 MiB       0,00 MiB
system/dialog                         1:1.3_20250116-1             0,46 MiB       0,20 MiB
system/diffutils                      3.12-2                       1,50 MiB       0,33 MiB
world/dkms                            3.2.1-1                      0,15 MiB       0,05 MiB
world/duktape                         2.7.0-7                      0,78 MiB       0,17 MiB
system/e2fsprogs                      1.47.2-2                     5,21 MiB       1,23 MiB
system/efibootmgr                     18-3                         0,08 MiB       0,03 MiB
system/efivar                         39-1                         0,53 MiB       0,14 MiB
system/elogind                        255.17-2                     3,08 MiB       1,01 MiB
system/elogind-openrc                 20210704-1                   0,00 MiB       0,00 MiB
system/esysusers                      257.6-1                      0,30 MiB       0,13 MiB
system/etmpfiles                      257.6-1                      0,42 MiB       0,19 MiB
system/expat                          2.7.1-1                      0,43 MiB       0,11 MiB
system/fakeroot                       1.37.1.2-1                   0,14 MiB       0,08 MiB
system/file                           5.46-4                      10,10 MiB       0,42 MiB
system/filesystem                     2025.05.03-1                 0,04 MiB       0,02 MiB
system/findutils                      4.10.0-2                     1,71 MiB       0,46 MiB
system/flex                           2.6.4-5                      0,93 MiB       0,30 MiB
system/gawk                           5.3.2-1                      3,61 MiB       1,43 MiB
system/gc                             8.2.8-2                      0,76 MiB       0,23 MiB
system/gcc                            15.1.1+r7+gf36ec88aa85a-1  207,54 MiB      53,91 MiB
system/gcc-libs                       15.1.1+r7+gf36ec88aa85a-1  148,35 MiB      35,89 MiB
system/gdbm                           1.25-1                       0,71 MiB       0,25 MiB
system/gettext                        0.25-1                      15,69 MiB       2,78 MiB
system/glib2                          2.84.2-1                    37,26 MiB       4,93 MiB
system/glibc                          2.41+r48+g5cb575ca9a3d-1    48,19 MiB       9,96 MiB
system/gmp                            6.3.0-2                      1,01 MiB       0,43 MiB
system/gnulib-l10n                    20241231-1                   0,61 MiB       0,12 MiB
system/gnupg                          2.4.7-3                      9,98 MiB       2,77 MiB
system/gnutls                         3.8.9-1                      7,98 MiB       1,75 MiB
system/gpgme                          2.0.0-1                      0,75 MiB       0,32 MiB
system/gpm                            1.20.7.r38.ge82d1a6-6        0,38 MiB       0,13 MiB
system/grep                           3.12-2                       0,88 MiB       0,23 MiB
system/groff                          1.23.0-7                     8,85 MiB       2,26 MiB
system/grub                           2:2.12.r292.g73d1c959-1     35,81 MiB       7,05 MiB
system/guile                          3.0.10-1                    54,74 MiB       8,31 MiB
system/gzip                           1.14-2                       0,15 MiB       0,08 MiB
system/hwdata                         0.396-1                      9,51 MiB       1,64 MiB
system/iana-etc                       20250502-1                   4,00 MiB       0,39 MiB
system/icu                            76.1-1                      41,75 MiB      11,38 MiB
system/inetutils                      2.6-1                        1,07 MiB       0,31 MiB
system/iproute2                       6.15.0-1                     2,85 MiB       1,10 MiB
system/iptables                       1:1.8.11-2                   2,34 MiB       0,41 MiB
system/iputils                        20250605-1                   0,65 MiB       0,14 MiB
system/jansson                        2.14.1-1                     0,27 MiB       0,09 MiB
system/json-c                         0.18-2                       0,18 MiB       0,06 MiB
system/kbd                            2.8.0-1                      3,05 MiB       1,23 MiB
world/kexec-tools                     2.0.31-1                     0,21 MiB       0,08 MiB
system/keyutils                       1.6.3-3                      0,20 MiB       0,10 MiB
system/kmod                           34.2-1                       0,33 MiB       0,13 MiB
system/krb5                           1.21.3-1                     4,56 MiB       1,27 MiB
system/leancrypto                     1.4.0-1                      4,52 MiB       1,28 MiB
system/libarchive                     3.8.1-1                      1,21 MiB       0,54 MiB
system/libassuan                      3.0.1-1                      0,24 MiB       0,11 MiB
system/libbpf                         1.5.1-1                      0,79 MiB       0,25 MiB
system/libcap                         2.76-1                       1,93 MiB       0,76 MiB
system/libcap-ng                      0.8.5-3                      0,12 MiB       0,04 MiB
world/libdaemon                       0.14-6                       0,06 MiB       0,02 MiB
system/libelf                         0.193-2                      3,18 MiB       0,60 MiB
system/libelogind                     255.17-2                     1,13 MiB       0,56 MiB
system/libevent                       2.1.12-4                     1,12 MiB       0,26 MiB
system/libffi                         3.5.0-1                      0,10 MiB       0,05 MiB
system/libgcrypt                      1.11.1-1                     1,87 MiB       0,70 MiB
system/libgpg-error                   1.55-1                       1,11 MiB       0,26 MiB
system/libidn2                        2.3.7-1                      0,46 MiB       0,14 MiB
system/libisl                         0.27-1                       5,75 MiB       0,87 MiB
system/libksba                        1.6.7-2                      0,31 MiB       0,14 MiB
system/libldap                        2.6.10-1                     0,66 MiB       0,28 MiB
world/libmm-glib                      1.24.0-1                     7,42 MiB       0,55 MiB
system/libmnl                         1.0.5-2                      0,03 MiB       0,01 MiB
system/libmpc                         1.3.1-2                      0,17 MiB       0,08 MiB
world/libndp                          1.9-1                        0,06 MiB       0,02 MiB
system/libnetfilter_conntrack         1.0.9-2                      0,15 MiB       0,05 MiB
world/libnewt                         0.52.25-1.1                  0,27 MiB       0,09 MiB
system/libnfnetlink                   1.0.2-2                      0,04 MiB       0,02 MiB
system/libnftnl                       1.2.9-1                      0,24 MiB       0,07 MiB
system/libnghttp2                     1.65.0-1                     0,38 MiB       0,09 MiB
system/libnghttp3                     1.10.1-1                     0,23 MiB       0,07 MiB
system/libnl                          3.11.0-1                     2,08 MiB       0,40 MiB
world/libnm                           1.52.0-1                     6,20 MiB       0,87 MiB
system/libnsl                         2.0.1-1                      0,07 MiB       0,02 MiB
system/libp11-kit                     0.25.5-1                     2,76 MiB       0,44 MiB
system/libpcap                        1.10.5-3                     0,64 MiB       0,28 MiB
world/libpgm                          5.3.128-3                    0,35 MiB       0,17 MiB
system/libpsl                         0.21.5-2                     0,22 MiB       0,08 MiB
system/libsasl                        2.1.28-5                     0,50 MiB       0,14 MiB
system/libseccomp                     2.5.6-1                      0,25 MiB       0,09 MiB
system/libsecret                      0.21.7-1                     1,17 MiB       0,19 MiB
world/libsodium                       1.0.20-1                     0,53 MiB       0,18 MiB
system/libssh2                        1.11.1-1                     0,47 MiB       0,25 MiB
world/libsysprof-capture              48.0-5                       0,27 MiB       0,05 MiB
system/libtasn1                       4.20.0-1                     0,28 MiB       0,13 MiB
world/libteam                         1.32-2.1                     0,33 MiB       0,11 MiB
system/libtirpc                       1.3.6-2                      0,43 MiB       0,17 MiB
system/libtool                        2.5.4+r23+g5b582aed-1        2,30 MiB       0,41 MiB
system/libudev                        257.6-1                      0,28 MiB       0,11 MiB
system/libunistring                   1.3-1                        2,69 MiB       0,71 MiB
system/libusb                         1.0.29-1                     0,22 MiB       0,07 MiB
system/libverto                       0.3.2-5                      0,07 MiB       0,02 MiB
system/libxcrypt                      4.4.38-1                     0,18 MiB       0,08 MiB
system/libxml2                        2.14.3-1                     3,17 MiB       0,78 MiB
system/licenses                       20240728-1                   1,54 MiB       0,10 MiB
system/linux                          6.15.2.artix1-1            141,26 MiB     141,06 MiB
system/linux-api-headers              6.15-1                       5,80 MiB       1,28 MiB
system/linux-firmware                 20250508.788aadc8-2        280,88 MiB     274,21 MiB
system/linux-firmware-whence          20250508.788aadc8-2          0,32 MiB       0,04 MiB
system/linux-headers                  6.15.2.artix1-1            237,34 MiB      51,17 MiB
world/lmdb                            0.9.33-1                     0,40 MiB       0,11 MiB
system/lz4                            1:1.10.0-2.1                 0,44 MiB       0,15 MiB
system/m4                             1.4.20-1                     0,70 MiB       0,26 MiB
system/make                           4.4.1-2                      1,67 MiB       0,51 MiB
system/mkinitcpio                     39.2-3                       0,18 MiB       0,06 MiB
system/mkinitcpio-busybox             1.36.1-1                     0,51 MiB       0,27 MiB
world/mobile-broadband-provider-info  20240407-1                   0,49 MiB       0,06 MiB
system/mpfr                           4.2.2-1                      1,01 MiB       0,43 MiB
system/nano                           8.4-1                        2,60 MiB       0,58 MiB
system/ncurses                        6.5-4                        3,99 MiB       1,13 MiB
system/netifrc                        0.7.12-2                     0,36 MiB       0,08 MiB
system/nettle                         3.10.1-1                     1,05 MiB       0,45 MiB
system/npth                           1.8-1                        0,08 MiB       0,03 MiB
system/nspr                           4.36-1                       0,71 MiB       0,19 MiB
system/nss                            3.112-1                      5,12 MiB       1,61 MiB
system/openrc                         0.62.3-2                     1,22 MiB       0,21 MiB
system/openssl                        3.5.0-1                     11,92 MiB       5,24 MiB
world/os-prober                       1.83-1                       0,06 MiB       0,02 MiB
system/p11-kit                        0.25.5-1                     0,92 MiB       0,22 MiB
system/pacman                         7.0.0.r6.gc685ae6-6          4,82 MiB       0,90 MiB
world/pahole                          1:1.30-2                     0,92 MiB       0,32 MiB
system/pam                            1.7.0-2                      2,89 MiB       0,58 MiB
system/pambase                        20250306-1                   0,00 MiB       0,00 MiB
system/patch                          2.8-1                        0,16 MiB       0,08 MiB
system/pciutils                       3.13.0-2                     0,38 MiB       0,14 MiB
system/pcre                           8.45-4                       3,50 MiB       0,98 MiB
system/pcre2                          10.45-1                      6,85 MiB       1,59 MiB
world/pcsclite                        2.3.3-1                      0,30 MiB       0,10 MiB
system/perl                           5.40.2-1                    56,39 MiB      14,97 MiB
system/pinentry                       1.3.1-5                      0,74 MiB       0,18 MiB
system/pkgconf                        2.4.3-1                      0,17 MiB       0,06 MiB
world/polkit                          126-2                        1,88 MiB       0,39 MiB
system/popt                           1.19-2                       0,23 MiB       0,07 MiB
system/procps-ng                      4.0.5-3                      2,35 MiB       0,85 MiB
system/psmisc                         23.7-1                       0,76 MiB       0,25 MiB
system/readline                       8.2.013-2                    0,73 MiB       0,32 MiB
system/sed                            4.9-3                        0,70 MiB       0,21 MiB
system/shadow                         4.17.4-1                     3,94 MiB       1,21 MiB
world/slang                           2.3.3-3                      3,34 MiB       0,79 MiB
system/sqlite                         3.50.1-1                    17,13 MiB       2,24 MiB
system/sudo                           1.9.16.p2-2                  7,86 MiB       1,91 MiB
system/tar                            1.35-2                       2,80 MiB       0,76 MiB
system/texinfo                        7.2-1                       11,98 MiB       2,01 MiB
system/tpm2-tss                       4.1.3-1                      3,54 MiB       0,95 MiB
system/tzdata                         2025b-1                      1,94 MiB       0,34 MiB
system/udev                           257.6-1                     11,29 MiB       1,90 MiB
system/util-linux                     2.41-4                      17,15 MiB       5,05 MiB
system/util-linux-libs                2.41-4                       1,31 MiB       0,47 MiB
system/which                          2.23-1                       0,03 MiB       0,02 MiB
system/wpa_supplicant                 2:2.11-3                     6,66 MiB       1,71 MiB
world/xxhash                          0.8.3-1                      0,39 MiB       0,10 MiB
system/xz                             5.8.1-1                      2,92 MiB       0,79 MiB
world/yad                             14.1-2                       0,62 MiB       0,20 MiB
world/zeromq                          4.3.5-2                      3,04 MiB       0,56 MiB
system/zlib                           1:1.3.1-2                    0,33 MiB       0,09 MiB
system/zstd                           1.5.7-2                      1,52 MiB       0,50 MiB

Total Download Size:    853,24 MiB
Total Installed Size:  2338,36 MiB

:: Proceed with installation? [Y/n] 
:: Retrieving packages...
 linux-firmware-20250508.788aadc8-2-any downloading...
 linux-6.15.2.artix1-1-x86_64 downloading...
 gcc-15.1.1+r7+gf36ec88aa85a-1-x86_64 downloading...
 linux-headers-6.15.2.artix1-1-x86_64 downloading...
 llvm-libs-20.1.6-3-x86_64 downloading...
 gcc-libs-15.1.1+r7+gf36ec88aa85a-1-x86_64 downloading...
 webkit2gtk-4.1-2.48.3-1-x86_64 downloading...
 perl-5.40.2-1-x86_64 downloading...
 icu-76.1-1-x86_64 downloading...
 mesa-1:25.1.3-3-x86_64 downloading...
 glibc-2.41+r48+g5cb575ca9a3d-1-x86_64 downloading...
 gtk3-1:3.24.49-2-x86_64 downloading...
 guile-3.0.10-1-x86_64 downloading...
 binutils-2.44+r94+gfe459e33c676-1-x86_64 downloading...
 grub-2:2.12.r292.g73d1c959-1-x86_64 downloading...
 openssl-3.5.0-1-x86_64 downloading...
 util-linux-2.41-4-x86_64 downloading...
 glib2-2.84.2-1-x86_64 downloading...
 iso-codes-4.18.0-1-any downloading...
 gst-plugins-bad-libs-1.26.2-2-x86_64 downloading...
 gettext-0.25-1-x86_64 downloading...
 gnupg-2.4.7-3-x86_64 downloading...
 coreutils-9.7-1-x86_64 downloading...
 aom-3.12.1-1-x86_64 downloading...
 gst-plugins-base-libs-1.26.2-2-x86_64 downloading...
 librsvg-2:2.60.0-2-x86_64 downloading...
 groff-1.23.0-7-x86_64 downloading...
 sqlite-3.50.1-1-x86_64 downloading...
 adwaita-icon-theme-legacy-46.2-3-any downloading...
 adwaita-fonts-48.2-1-any downloading...
 gstreamer-1.26.2-2-x86_64 downloading...
 texinfo-7.2-1-x86_64 downloading...
 libx11-1.8.12-1-x86_64 downloading...
 svt-av1-3.0.2-1-x86_64 downloading...
 libjxl-0.11.1-3-x86_64 downloading...
 sudo-1.9.16.p2-2-x86_64 downloading...
 udev-257.6-1-x86_64 downloading...
 bash-5.2.037-5-x86_64 downloading...
 gnutls-3.8.9-1-x86_64 downloading...
 spirv-tools-1:1.4.313.0-1-x86_64 downloading...
 wpa_supplicant-2:2.11-3-x86_64 downloading...
 hwdata-0.396-1-any downloading...
 nss-3.112-1-x86_64 downloading...
 pcre2-10.45-1-x86_64 downloading...
 rav1e-0.7.1-1-x86_64 downloading...
 gawk-5.3.2-1-x86_64 downloading...
 leancrypto-1.4.0-1-x86_64 downloading...
 linux-api-headers-6.15-1-x86_64 downloading...
 krb5-1.21.3-1-x86_64 downloading...
 e2fsprogs-1.47.2-2-x86_64 downloading...
 kbd-2.8.0-1-x86_64 downloading...
 db5.3-5.3.28-5-x86_64 downloading...
 shadow-4.17.4-1-x86_64 downloading...
 curl-8.14.1-1-x86_64 downloading...
 ncurses-6.5-4-x86_64 downloading...
 iproute2-6.15.0-1-x86_64 downloading...
 highway-1.2.0-1-x86_64 downloading...
 harfbuzz-11.2.1-1-x86_64 downloading...
 tinysparql-3.9.2-2-x86_64 downloading...
 elogind-255.17-2-x86_64 downloading...
 pcre-8.45-4-x86_64 downloading...
 libxcb-1.17.0-1-x86_64 downloading...
 tpm2-tss-4.1.3-1-x86_64 downloading...
 pacman-7.0.0.r6.gc685ae6-6-x86_64 downloading...
 openjpeg2-2.5.3-1-x86_64 downloading...
 libnm-1.52.0-1-x86_64 downloading...
 libisl-0.27-1-x86_64 downloading...
 procps-ng-4.0.5-3-x86_64 downloading...
 xkeyboard-config-2.45-1-any downloading...
 xz-5.8.1-1-x86_64 downloading...
 slang-2.3.3-3-x86_64 downloading...
 libxml2-2.14.3-1-x86_64 downloading...
 tar-1.35-2-x86_64 downloading...
 libcap-2.76-1-x86_64 downloading...
 bison-3.8.2-8.1-x86_64 downloading...
 gsettings-desktop-schemas-48.0-1-any downloading...
 libunistring-1.3-1-x86_64 downloading...
 libgcrypt-1.11.1-1-x86_64 downloading...
 autoconf-2.72-1-any downloading...
 dav1d-1.5.1-1-x86_64 downloading...
 automake-1.18-1-any downloading...
 cairo-1.18.4-1-x86_64 downloading...
 libelf-0.193-2-x86_64 downloading...
 shared-mime-info-2.4-2-x86_64 downloading...
 gtksourceview3-1:3.24.11+r30+gd880929f-1-x86_64 downloading...
 nano-8.4-1-x86_64 downloading...
 gperftools-2.16-1-x86_64 downloading...
 pam-1.7.0-2-x86_64 downloading...
 at-spi2-core-2.56.2-1-x86_64 downloading...
 libelogind-255.17-2-x86_64 downloading...
 zeromq-4.3.5-2-x86_64 downloading...
 libmm-glib-1.24.0-1-x86_64 downloading...
 libjpeg-turbo-3.1.0-1-x86_64 downloading...
 libarchive-3.8.1-1-x86_64 downloading...
 make-4.4.1-2-x86_64 downloading...
 freetype2-2.13.3-3-x86_64 downloading...
 gdk-pixbuf2-2.42.12-2-x86_64 downloading...
 zstd-1.5.7-2-x86_64 downloading...
 libtiff-4.7.0-1-x86_64 downloading...
 util-linux-libs-2.41-4-x86_64 downloading...
 findutils-4.10.0-2-x86_64 downloading...
 nettle-3.10.1-1-x86_64 downloading...
 libp11-kit-0.25.5-1-x86_64 downloading...
 gmp-6.3.0-2-x86_64 downloading...
 mpfr-4.2.2-1-x86_64 downloading...
 file-5.46-4-x86_64 downloading...
 avahi-1:0.8+r194+g3f79789-3-x86_64 downloading...
 libtool-2.5.4+r23+g5b582aed-1-x86_64 downloading...
 pango-1:1.56.3-1-x86_64 downloading...
 iptables-1:1.8.11-2-x86_64 downloading...
 libnl-3.11.0-1-x86_64 downloading...
 audit-4.0.5-1-x86_64 downloading...
 polkit-126-2-x86_64 downloading...
 iana-etc-20250502-1-any downloading...
 libsoup3-3.6.5-1-x86_64 downloading...
 brotli-1.1.0-3-x86_64 downloading...
 ca-certificates-mozilla-3.112-1-x86_64 downloading...
 libwebp-1.5.0-1-x86_64 downloading...
 fontconfig-2:2.16.2-1-x86_64 downloading...
 adwaita-cursors-48.1-1-any downloading...
 libdrm-2.4.125-1-x86_64 downloading...
 tzdata-2025b-1-x86_64 downloading...
 diffutils-3.12-2-x86_64 downloading...
 pahole-1:1.30-2-x86_64 downloading...
 libglvnd-1.7.0-3-x86_64 downloading...
 readline-8.2.013-2-x86_64 downloading...
 gpgme-2.0.0-1-x86_64 downloading...
 inetutils-2.6-1-x86_64 downloading...
 libnice-0.1.22-2-x86_64 downloading...
 libepoxy-1.5.10-3-x86_64 downloading...
 libyuv-r2426+464c51a03-1-x86_64 downloading...
 flex-2.6.4-5-x86_64 downloading...
 dbus-1.16.2-1.1-x86_64 downloading...
 libpcap-1.10.5-3-x86_64 downloading...
 pixman-0.46.2-1-x86_64 downloading...
 device-mapper-2.03.32-1.1-x86_64 downloading...
 libldap-2.6.10-1-x86_64 downloading...
 mkinitcpio-busybox-1.36.1-1-x86_64 downloading...
 libthai-0.1.29-3-x86_64 downloading...
 libcups-2:2.4.12-2-x86_64 downloading...
 libavif-1.3.0-1-x86_64 downloading...
 m4-1.4.20-1-x86_64 downloading...
 orc-0.4.41-1-x86_64 downloading...
 libgpg-error-1.55-1-x86_64 downloading...
 libevent-2.1.12-4-x86_64 downloading...
 psmisc-23.7-1-x86_64 downloading...
 libbpf-1.5.1-1-x86_64 downloading...
 gdbm-1.25-1-x86_64 downloading...
 libssh2-1.11.1-1-x86_64 downloading...
 libpng-1.6.48-1-x86_64 downloading...
 libxkbcommon-1.10.0-1-x86_64 downloading...
 xorgproto-2024.1-2-any downloading...
 grep-3.12-2-x86_64 downloading...
 gc-8.2.8-2-x86_64 downloading...
 p11-kit-0.25.5-1-x86_64 downloading...
 lcms2-2.17-1-x86_64 downloading...
 openrc-0.62.3-2-x86_64 downloading...
 sed-4.9-3-x86_64 downloading...
 dhcpcd-10.2.4-1-x86_64 downloading...
 yad-14.1-2-x86_64 downloading...
 libxslt-1.1.43-2-x86_64 downloading...
 dialog-1:1.3_20250116-1-x86_64 downloading...
 adwaita-icon-theme-48.1-1-any downloading...
 libva-2.22.0-1-x86_64 downloading...
 nspr-4.36-1-x86_64 downloading...
 etmpfiles-257.6-1-x86_64 downloading...
 libsecret-0.21.7-1-x86_64 downloading...
 libcolord-1.4.7-2-x86_64 downloading...
 pinentry-1.3.1-5-x86_64 downloading...
 libsodium-1.0.20-1-x86_64 downloading...
 libpgm-5.3.128-3-x86_64 downloading...
 duktape-2.7.0-7-x86_64 downloading...
 libtirpc-1.3.6-2-x86_64 downloading...
 json-glib-1.10.6-1.1-x86_64 downloading...
 lz4-1:1.10.0-2.1-x86_64 downloading...
 libxi-1.8.2-1-x86_64 downloading...
 libsasl-2.1.28-5-x86_64 downloading...
 efivar-39-1-x86_64 downloading...
 vulkan-icd-loader-1.4.313.0-1-x86_64 downloading...
 libksba-1.6.7-2-x86_64 downloading...
 glib-networking-1:2.80.1-1-x86_64 downloading...
 pciutils-3.13.0-2-x86_64 downloading...
 wayland-1.23.1-2-x86_64 downloading...
 libidn2-2.3.7-1-x86_64 downloading...
 iputils-20250605-1-x86_64 downloading...
 acl-2.3.2-1-x86_64 downloading...
 artix-keyring-20250105-1-any downloading...
 gpm-1.20.7.r38.ge82d1a6-6-x86_64 downloading...
 libstemmer-3.0.1-1-x86_64 downloading...
 libtasn1-4.20.0-1-x86_64 downloading...
 lm_sensors-1:3.6.2-1.1-x86_64 downloading...
 esysusers-257.6-1-x86_64 downloading...
 kmod-34.2-1-x86_64 downloading...
 xcb-proto-1.17.0-3-any downloading...
 libunwind-1.8.1-3-x86_64 downloading...
 gupnp-1:1.6.8-2-x86_64 downloading...
 gnulib-l10n-20241231-1-any downloading...
 expat-2.7.1-1-x86_64 downloading...
 lmdb-0.9.33-1-x86_64 downloading...
 libdatrie-0.2.13-4-x86_64 downloading...
 libassuan-3.0.1-1-x86_64 downloading...
 libedit-20250104_3.1-1-x86_64 downloading...
 libteam-1.32-2.1-x86_64 downloading...
 libudev-257.6-1-x86_64 downloading...
 dconf-0.40.0-3-x86_64 downloading...
 graphene-1.10.8-2-x86_64 downloading...
 licenses-20240728-1-any downloading...
 libxext-1.3.6-1.1-x86_64 downloading...
 keyutils-1.6.3-3-x86_64 downloading...
 gspell-1.14.0-2-x86_64 downloading...
 xxhash-0.8.3-1-x86_64 downloading...
 pcsclite-2.3.3-1-x86_64 downloading...
 libnghttp2-1.65.0-1-x86_64 downloading...
 zlib-1:1.3.1-2-x86_64 downloading...
 libnewt-0.52.25-1.1-x86_64 downloading...
 libseccomp-2.5.6-1-x86_64 downloading...
 lzo-2.10-5-x86_64 downloading...
 jansson-2.14.1-1-x86_64 downloading...
 libpsl-0.21.5-2-x86_64 downloading...
 gzip-1.14-2-x86_64 downloading...
 libmpc-1.3.1-2-x86_64 downloading...
 patch-2.8-1-x86_64 downloading...
 libxcrypt-4.4.38-1-x86_64 downloading...
 graphite-1:1.3.14-4-x86_64 downloading...
 netifrc-0.7.12-2-x86_64 downloading...
 kexec-tools-2.0.31-1-x86_64 downloading...
 fakeroot-1.37.1.2-1-x86_64 downloading...
 popt-1.19-2-x86_64 downloading...
 libusb-1.0.29-1-x86_64 downloading...
 giflib-5.2.2-2-x86_64 downloading...
 libnghttp3-1.10.1-1-x86_64 downloading...
 fribidi-1.0.16-2-x86_64 downloading...
 libnftnl-1.2.9-1-x86_64 downloading...
 enchant-2.8.2-2-x86_64 downloading...
 attr-2.5.2-1-x86_64 downloading...
 pkgconf-2.4.3-1-x86_64 downloading...
 libcloudproviders-0.3.6-2-x86_64 downloading...
 mobile-broadband-provider-info-20240407-1-any downloading...
 mkinitcpio-39.2-3-any downloading...
 libxft-2.3.9-1-x86_64 downloading...
 bzip2-1.0.8-6-x86_64 downloading...
 libevdev-1.13.4-1-x86_64 downloading...
 woff2-1.0.2-6-x86_64 downloading...
 json-c-0.18-2-x86_64 downloading...
 gssdp-1.6.3-2-x86_64 downloading...
 libmanette-0.2.12-1-x86_64 downloading...
 jbigkit-2.1-8-x86_64 downloading...
 libsysprof-capture-48.0-5-x86_64 downloading...
 libnetfilter_conntrack-1.0.9-2-x86_64 downloading...
 libffi-3.5.0-1-x86_64 downloading...
 dkms-3.2.1-1-any downloading...
 libgudev-238-3-x86_64 downloading...
 debugedit-5.1-1-x86_64 downloading...
 desktop-file-utils-0.28-1-x86_64 downloading...
 hidapi-0.15.0-1-x86_64 downloading...
 bubblewrap-0.11.0-1-x86_64 downloading...
 libcap-ng-0.8.5-3-x86_64 downloading...
 linux-firmware-whence-20250508.788aadc8-2-any downloading...
 libxv-1.0.13-1-x86_64 downloading...
 libxcursor-1.2.3-1-x86_64 downloading...
 efibootmgr-18-3-x86_64 downloading...
 libproxy-0.5.9-1-x86_64 downloading...
 libxrender-0.9.12-1-x86_64 downloading...
 libxtst-1.2.5-1-x86_64 downloading...
 gupnp-igd-1.6.0-2-x86_64 downloading...
 npth-1.8-1-x86_64 downloading...
 libxrandr-1.5.4-1-x86_64 downloading...
 libxdmcp-1.1.5-1-x86_64 downloading...
 libxkbcommon-x11-1.10.0-1-x86_64 downloading...
 xorg-xprop-1.2.8-1-x86_64 downloading...
 xdg-dbus-proxy-0.1.6-1-x86_64 downloading...
 filesystem-2025.05.03-1-any downloading...
 libnsl-2.0.1-1-x86_64 downloading...
 libpciaccess-0.18.1-2-x86_64 downloading...
 libndp-1.9-1-x86_64 downloading...
 libdaemon-0.14-6-x86_64 downloading...
 libverto-0.3.2-5-x86_64 downloading...
 libeinfo-0.62.3-2-x86_64 downloading...
 os-prober-1.83-1-x86_64 downloading...
 libnfnetlink-1.0.2-2-x86_64 downloading...
 gtk-update-icon-cache-1:4.18.6-1-x86_64 downloading...
 hyphen-2.8.8-6-x86_64 downloading...
 which-2.23-1-x86_64 downloading...
 libxxf86vm-1.1.6-1-x86_64 downloading...
 libxfixes-6.0.1-2-x86_64 downloading...
 hicolor-icon-theme-0.18-1-any downloading...
 libxcomposite-0.4.6-2-x86_64 downloading...
 libxau-1.0.12-1-x86_64 downloading...
 libmnl-1.0.5-2-x86_64 downloading...
 ca-certificates-utils-20240618-1-any downloading...
 libxinerama-1.1.5-2-x86_64 downloading...
 harfbuzz-icu-11.2.1-1-x86_64 downloading...
 libxdamage-1.1.6-2-x86_64 downloading...
 libxshmfence-1.3.3-1-x86_64 downloading...
 gsettings-system-schemas-48.0-1-any downloading...
 base-3-5-any downloading...
 dbus-openrc-20250310-1-any downloading...
 pambase-20250306-1-any downloading...
 artix-mirrorlist-20250410-1-any downloading...
 elogind-openrc-20210704-1-any downloading...
 dhcpcd-openrc-20210505-1-any downloading...
 default-cursors-3-1-any downloading...
 ca-certificates-20240618-1-any downloading...
 base-devel-1-2-any downloading...
checking keyring...
checking package integrity...
loading package files...
checking for file conflicts...
checking available disk space...
:: Processing package changes...
installing linux-api-headers...
installing tzdata...
Optional dependencies for tzdata
    bash: for tzselect [pending]
    glibc: for zdump, zic [pending]
installing iana-etc...
installing filesystem...
installing glibc...
Optional dependencies for glibc
    gd: for memusagestat
    perl: for mtrace [pending]
installing acl...
installing gcc-libs...
installing ncurses...
Optional dependencies for ncurses
    bash: for ncursesw6-config [pending]
installing readline...
installing bash...
Optional dependencies for bash
    bash-completion: for tab completion
installing attr...
installing gmp...
installing zlib...
installing sqlite...
installing util-linux-libs...
Optional dependencies for util-linux-libs
    python: python bindings to libmount
installing e2fsprogs...
Optional dependencies for e2fsprogs
    lvm2: for e2scrub
    util-linux: for e2scrub [pending]
    smtp-forwarder: for e2scrub_fail script
installing keyutils...
installing gdbm...
installing openssl...
Optional dependencies for openssl
    ca-certificates [pending]
    perl [pending]
installing libsasl...
installing libldap...
installing libevent...
Optional dependencies for libevent
    python: event_rpcgen.py
installing libverto...
installing lmdb...
installing krb5...
installing libcap-ng...
installing audit...
Optional dependencies for audit
    libldap: for audispd-zos-remote [installed]
    sh: for augenrules [installed]
installing libxcrypt...
installing libtirpc...
installing libnsl...
installing pambase...
installing libudev...
installing libelogind...
installing pam...
installing libcap...
installing coreutils...
installing findutils...
installing libtasn1...
installing libffi...
installing libp11-kit...
installing p11-kit...
installing ca-certificates-utils...
installing ca-certificates-mozilla...
installing ca-certificates...
installing brotli...
installing libunistring...
installing libidn2...
installing libnghttp2...
installing libnghttp3...
installing libpsl...
installing libssh2...
installing xz...
installing lz4...
installing zstd...
installing curl...
installing mpfr...
installing gawk...
installing gnulib-l10n...
installing icu...
installing libxml2...
Optional dependencies for libxml2
    python: Python bindings
installing gettext...
Optional dependencies for gettext
    git: for autopoint infrastructure updates
    appstream: for appstream support
installing nettle...
installing leancrypto...
installing gnutls...
Optional dependencies for gnutls
    tpm2-tss: support for TPM2 wrapped keys [pending]
installing libgpg-error...
installing libgcrypt...
installing libksba...
installing libusb...
installing libassuan...
installing libsysprof-capture...
installing bzip2...
installing pcre2...
Optional dependencies for pcre2
    sh: for pcre2-config [installed]
installing glib2...
Optional dependencies for glib2
    dconf: GSettings storage backend [pending]
    glib2-devel: development tools
    gvfs: most gio functionality
installing json-c...
installing tpm2-tss...
installing libsecret...
Optional dependencies for libsecret
    org.freedesktop.secrets: secret storage backend
installing pinentry...
Optional dependencies for pinentry
    gcr: GNOME backend
    gtk3: GTK backend [pending]
    qt5-x11extras: Qt5 backend
    kwayland5: Qt5 backend
    kguiaddons: Qt6 backend
    kwindowsystem: Qt6 backend
installing npth...
installing gnupg...
Optional dependencies for gnupg
    pcsclite: for using scdaemon not with the gnupg internal card driver [pending]
installing gpgme...
installing grep...
installing libarchive...
installing artix-mirrorlist...
installing pacman...
Optional dependencies for pacman
    base-devel: required to use makepkg [pending]
    perl-locale-gettext: translation support in makepkg-template
installing artix-keyring...
==> Appending keys from artix.gpg...
==> Updating trust database...
gpg: next trustdb check due at 2025-07-01
==> Updating trust database...
gpg: next trustdb check due at 2025-07-01
installing m4...
installing diffutils...
installing db5.3...
installing perl...
installing autoconf...
installing automake...
installing libseccomp...
installing file...
installing procps-ng...
installing sed...
installing tar...
installing hwdata...
installing kmod...
installing pciutils...
Optional dependencies for pciutils
    which: for update-pciids [pending]
    grep: for update-pciids [installed]
    curl: for update-pciids [installed]
installing psmisc...
installing shadow...
installing util-linux...
Optional dependencies for util-linux
    words: default dictionary for look
installing gzip...
Optional dependencies for gzip
    less: zless support
    util-linux: zmore support [installed]
    diffutils: zdiff/zcmp support [installed]
installing licenses...
installing expat...
installing dbus...
installing kexec-tools...
installing kbd...
installing udev...
installing elogind...
Optional dependencies for elogind
    polkit: allow administration as unprivileged user [pending]
installing inetutils...
installing netifrc...
installing libeinfo...
installing openrc...
Optional dependencies for openrc
    networkmanager-openrc: networkmanager init script
    elogind-openrc: elogind init script [pending]
installing dbus-openrc...
installing elogind-openrc...
installing esysusers...
installing etmpfiles...
installing iputils...
installing libmnl...
installing libnftnl...
installing libnl...
installing libpcap...
installing libnfnetlink...
installing libnetfilter_conntrack...
installing iptables...
installing libelf...
installing libbpf...
installing iproute2...
Optional dependencies for iproute2
    db5.3: userspace arp daemon [installed]
    linux-atm: ATM support
    python: for routel
installing base...
Optional dependencies for base
    linux: bare metal support [pending]
installing jansson...
installing binutils...
Optional dependencies for binutils
    debuginfod: for debuginfod server/client functionality
installing bison...
installing xxhash...
installing debugedit...
installing fakeroot...
installing flex...
installing libmpc...
installing libisl...
installing gcc...
Optional dependencies for gcc
    lib32-gcc-libs: for generating code for 32-bit ABI
installing groff...
Optional dependencies for groff
    netpbm: for use together with man -H command interaction in browsers
    psutils: for use together with man -H command interaction in browsers
    libxaw: for gxditview
    perl-file-homedir: for use with glilypond
installing libtool...
installing gc...
installing guile...
installing make...
installing patch...
Optional dependencies for patch
    ed: for patch -e functionality
installing pkgconf...
installing sudo...
installing texinfo...
Optional dependencies for texinfo
    perl-archive-zip: EPUB file output via texi2any
installing which...
installing base-devel...
installing device-mapper...
installing dhcpcd...
Optional dependencies for dhcpcd
    openresolv: resolvconf support
installing dhcpcd-openrc...
installing dialog...
installing dkms...
Optional dependencies for dkms
    linux-headers: build modules against the Arch kernel [pending]
    linux-lts-headers: build modules against the LTS kernel
    linux-zen-headers: build modules against the ZEN kernel
    linux-hardened-headers: build modules against the HARDENED kernel
installing duktape...
installing popt...
installing efivar...
installing efibootmgr...
installing gpm...
installing grub...
:: Install your bootloader and generate configuration with:
     # grub-install ...
     # grub-mkconfig -o /boot/grub/grub.cfg
Optional dependencies for grub
    dosfstools: For grub-mkrescue FAT FS and EFI support
    efibootmgr: For grub-install EFI support [installed]
    freetype2: For grub-mkfont usage [pending]
    fuse3: For grub-mount usage
    libisoburn: Provides xorriso for generating grub rescue iso using grub-mkrescue
    lzop: For grub-mkrescue LZO support
    mtools: For grub-mkrescue FAT FS support
    os-prober: To detect other OSes when generating grub.cfg in BIOS systems [pending]
installing libdaemon...
installing libmm-glib...
installing libndp...
installing pcre...
installing slang...
installing libnewt...
Optional dependencies for libnewt
    python: libnewt support with the _snack module
    tcl: whiptcl support
installing nspr...
installing nss...
installing libnm...
installing libpgm...
installing libsodium...
installing zeromq...
Optional dependencies for zeromq
    cppzmq: C++ binding for libzmq
installing libteam...
installing mkinitcpio-busybox...
installing mkinitcpio...
Optional dependencies for mkinitcpio
    xz: Use lzma or xz compression for the initramfs image [installed]
    bzip2: Use bzip2 compression for the initramfs image [installed]
    lzop: Use lzo compression for the initramfs image
    lz4: Use lz4 compression for the initramfs image [installed]
    mkinitcpio-nfs-utils: Support for root filesystem on NFS
installing linux...
Optional dependencies for linux
    linux-firmware: firmware images needed for some devices [pending]
    scx-scheds: to use sched-ext schedulers
    wireless-regdb: to set the correct wireless channels of your country
installing linux-firmware-whence...
installing linux-firmware...
installing pahole...
Optional dependencies for pahole
    ostra-cg: Generate call graphs from encoded traces
installing linux-headers...
installing mobile-broadband-provider-info...
installing nano...
installing os-prober...
installing polkit...
installing pcsclite...
Optional dependencies for pcsclite
    python: API call trace logging with the pcsc-spy
    ccid: USB Chip/Smart Card Interface Devices driver
installing wpa_supplicant...
installing adwaita-fonts...
installing hicolor-icon-theme...
installing adwaita-icon-theme-legacy...
installing adwaita-cursors...
installing adwaita-icon-theme...
installing dconf...
installing gsettings-system-schemas...
installing gsettings-desktop-schemas...
installing xcb-proto...
installing xorgproto...
installing libxdmcp...
installing libxau...
installing libxcb...
installing libx11...
installing libxext...
installing libxfixes...
installing libxi...
installing libxtst...
installing xorg-xprop...
installing at-spi2-core...
installing libpng...
installing graphite...
Optional dependencies for graphite
    graphite-docs: Documentation
installing harfbuzz...
Optional dependencies for harfbuzz
    harfbuzz-utils: utilities
installing freetype2...
installing fontconfig...
Creating fontconfig configuration...
Rebuilding fontconfig cache...
installing libxrender...
installing lzo...
installing pixman...
installing cairo...
installing desktop-file-utils...
installing fribidi...
installing libjpeg-turbo...
Optional dependencies for libjpeg-turbo
    java-runtime>11: for TurboJPEG Java wrapper
installing jbigkit...
installing libtiff...
Optional dependencies for libtiff
    freeglut: for using tiffgt
installing shared-mime-info...
installing gdk-pixbuf2...
Optional dependencies for gdk-pixbuf2
    libwmf: Load .wmf and .apm
    libopenraw: Load .dng, .cr2, .crw, .nef, .orf, .pef, .arw, .erf, .mrw, and .raf
    libavif: Load .avif [pending]
    libheif: Load .heif, .heic, and .avif
    libjxl: Load .jxl [pending]
    librsvg: Load .svg, .svgz, and .svg.gz [pending]
    webp-pixbuf-loader: Load .webp
installing iso-codes...
installing libcloudproviders...
installing lcms2...
installing libcolord...
installing avahi...
Optional dependencies for avahi
    gtk3: avahi-discover, avahi-discover-standalone, bshell, bssh, bvnc [pending]
    libevent: libevent bindings [installed]
    nss-mdns: NSS support for mDNS
    python-dbus: avahi-bookmarks, avahi-discover
    python-gobject: avahi-bookmarks, avahi-discover
    python-twisted: avahi-bookmarks
    qt5-base: qt5 bindings
installing libcups...
installing libpciaccess...
installing libdrm...
Optional dependencies for libdrm
    cairo: needed for modetest tool [installed]
installing libxshmfence...
installing libxxf86vm...
installing libedit...
installing llvm-libs...
installing lm_sensors...
Optional dependencies for lm_sensors
    rrdtool: for logging with sensord
    perl: for sensor detection and configuration convert [installed]
installing spirv-tools...
installing default-cursors...
Optional dependencies for default-cursors
    adwaita-cursors: default cursor theme [installed]
installing wayland...
installing mesa...
Optional dependencies for mesa
    opengl-man-pages: for the OpenGL API man pages
installing libglvnd...
installing libepoxy...
installing dav1d...
Optional dependencies for dav1d
    dav1d-doc: HTML documentation
installing libdatrie...
installing libthai...
installing libxft...
installing pango...
installing librsvg...
installing libxcomposite...
installing libxcursor...
installing libxdamage...
installing libxinerama...
installing xkeyboard-config...
installing libxkbcommon...
Optional dependencies for libxkbcommon
    libxkbcommon-x11: xkbcli interactive-x11 [pending]
    wayland: xkbcli interactive-wayland [installed]
installing libxrandr...
installing json-glib...
installing libproxy...
installing glib-networking...
installing libsoup3...
Optional dependencies for libsoup3
    samba: Windows Domain SSO
installing libstemmer...
installing tinysparql...
installing gtk-update-icon-cache...
installing gtk3...
Optional dependencies for gtk3
    evince: Default print preview command
installing bubblewrap...
installing enchant...
Optional dependencies for enchant
    aspell: for aspell based spell checking support
    hspell: for hspell based spell checking support
    hunspell: for hunspell based spell checking support
    libvoikko: for libvoikko based spell checking support
    nuspell: for nuspell based spell checking support
installing libunwind...
installing gstreamer...
Optional dependencies for gstreamer
    python: gst-plugins-doc-cache-generator
installing graphene...
installing libgudev...
installing libxv...
installing orc...
installing gst-plugins-base-libs...
installing gssdp...
Optional dependencies for gssdp
    gtk4: gssdp-device-sniffer
installing gupnp...
Optional dependencies for gupnp
    python: gupnp-binding-tool
installing gupnp-igd...
installing libnice...
Optional dependencies for libnice
    gstreamer: "nice" GStreamer plugin [installed]
installing libva...
Optional dependencies for libva
    intel-media-driver: backend for Intel GPUs (>= Broadwell)
    libva-intel-driver: backend for Intel GPUs (<= Haswell)
    libva-mesa-driver: backend for AMD and NVIDIA GPUs [installed]
installing libxkbcommon-x11...
installing vulkan-icd-loader...
Optional dependencies for vulkan-icd-loader
    vulkan-driver: packaged vulkan driver
installing gst-plugins-bad-libs...
installing harfbuzz-icu...
installing hyphen...
installing aom...
installing giflib...
installing libwebp...
installing libyuv...
installing rav1e...
installing svt-av1...
installing libavif...
installing gperftools...
Optional dependencies for gperftools
    graphviz: pprof graph generation
    perl: pprof and pprof-symbolize commands [installed]
installing highway...
installing libjxl...
Optional dependencies for libjxl
    gdk-pixbuf2: for gdk-pixbuf loader [installed]
    java-runtime: for JNI bindings
installing hidapi...
Optional dependencies for hidapi
    libusb: for hidapi-libusb [installed]
installing libevdev...
installing libmanette...
installing libxslt...
Optional dependencies for libxslt
    python: Python bindings
installing openjpeg2...
installing woff2...
installing xdg-dbus-proxy...
installing webkit2gtk-4.1...
Optional dependencies for webkit2gtk-4.1
    geoclue: Geolocation support
    gst-libav: nonfree media decoding
    gst-plugins-bad: media decoding
    gst-plugins-good: media decoding
installing gtksourceview3...
installing gspell...
installing yad...
:: Running post-transaction hooks...
( 1/25) Creating system user accounts...
Creating group 'sys' with GID 3.
Creating group 'mem' with GID 8.
Creating group 'ftp' with GID 11.
Creating group 'mail' with GID 12.
Creating group 'log' with GID 19.
Creating group 'smmsp' with GID 25.
Creating group 'proc' with GID 26.
Creating group 'games' with GID 50.
Creating group 'lock' with GID 54.
Creating group 'network' with GID 90.
Creating group 'floppy' with GID 94.
Creating group 'scanner' with GID 96.
Creating group 'power' with GID 98.
Creating group 'nobody' with GID 65534.
Creating group 'adm' with GID 999.
Creating group 'wheel' with GID 998.
Creating group 'utmp' with GID 997.
Creating group 'audio' with GID 996.
Creating group 'disk' with GID 995.
Creating group 'input' with GID 994.
Creating group 'kmem' with GID 993.
Creating group 'kvm' with GID 992.
Creating group 'lp' with GID 991.
Creating group 'optical' with GID 990.
Creating group 'render' with GID 989.
Creating group 'sgx' with GID 988.
Creating group 'storage' with GID 987.
Creating group 'tty' with GID 5.
Creating group 'uucp' with GID 986.
Creating group 'video' with GID 985.
Creating group 'users' with GID 984.
Creating group 'polkitd' with GID 102.
Creating group 'groups' with GID 983.
Creating group 'alpm' with GID 982.
Creating user 'alpm' (Arch Linux Package Management) with UID 982 and GID 982.
Creating group 'bin' with GID 1.
Creating user 'bin' (n/a) with UID 1 and GID 1.
Creating group 'daemon' with GID 2.
Creating user 'daemon' (n/a) with UID 2 and GID 2.
Creating user 'mail' (n/a) with UID 8 and GID 12.
Creating user 'ftp' (n/a) with UID 14 and GID 11.
Creating group 'http' with GID 33.
Creating user 'http' (n/a) with UID 33 and GID 33.
Creating group 'avahi' with GID 981.
Creating user 'avahi' (Avahi mDNS/DNS-SD daemon) with UID 981 and GID 981.
Creating user 'nobody' (Kernel Overflow User) with UID 65534 and GID 65534.
Creating group 'dbus' with GID 81.
Creating user 'dbus' (System Message Bus) with UID 81 and GID 81.
Creating group 'dhcpcd' with GID 980.
Creating user 'dhcpcd' (dhcpcd privilege separation) with UID 980 and GID 980.
Creating group '_talkd' with GID 979.
Creating user '_talkd' (User for legacy talkd server) with UID 979 and GID 979.
Creating user 'polkitd' (User for polkitd) with UID 102 and GID 102.
Creating group 'uuidd' with GID 978.
Creating user 'uuidd' (UUID generator helper daemon) with UID 978 and GID 978.
( 2/25) Creating temporary files...
( 3/25) Applying kernel sysctl settings...
  Skipped: Current root is not booted.
( 4/25) Updating udev hardware database...
( 5/25) Reloading device manager configuration...
  Skipped: Device manager is not running.
( 6/25) Updating the MIME type database...
( 7/25) Updating fontconfig configuration...
( 8/25) Rebuilding certificate stores...
( 9/25) Detecting init ...
	==> Found openrc-init
(10/25) Setting init symlink ...
	==> Activated openrc-init
(11/25) Updating module dependencies...
(12/25) Install DKMS modules
(13/25) Updating linux initcpios...
==> Building image from preset: /etc/mkinitcpio.d/linux.preset: 'default'
==> Using default configuration file: '/etc/mkinitcpio.conf'
  -> -k /boot/vmlinuz-linux -g /boot/initramfs-linux.img
==> Starting build: '6.15.2-artix1-1'
  -> Running build hook: [base]
  -> Running build hook: [udev]
  -> Running build hook: [autodetect]
  -> Running build hook: [microcode]
  -> Running build hook: [modconf]
  -> Running build hook: [kms]
  -> Running build hook: [keyboard]
  -> Running build hook: [keymap]
  -> Running build hook: [consolefont]
==> WARNING: consolefont: no font found in configuration
  -> Running build hook: [block]
  -> Running build hook: [filesystems]
  -> Running build hook: [fsck]
==> WARNING: No fsck helpers found. fsck will not be run on boot.
==> Generating module dependencies
==> Creating zstd-compressed initcpio image: '/boot/initramfs-linux.img'
==> WARNING: errors were encountered during the build. The image may not be complete.
==> Building image from preset: /etc/mkinitcpio.d/linux.preset: 'fallback'
==> Using default configuration file: '/etc/mkinitcpio.conf'
  -> -k /boot/vmlinuz-linux -g /boot/initramfs-linux-fallback.img -S autodetect
==> Starting build: '6.15.2-artix1-1'
  -> Running build hook: [base]
  -> Running build hook: [udev]
  -> Running build hook: [microcode]
  -> Running build hook: [modconf]
  -> Running build hook: [kms]
==> WARNING: Possibly missing firmware for module: 'ast'
  -> Running build hook: [keyboard]
==> WARNING: Possibly missing firmware for module: 'xhci_pci_renesas'
  -> Running build hook: [keymap]
  -> Running build hook: [consolefont]
==> WARNING: consolefont: no font found in configuration
  -> Running build hook: [block]
==> WARNING: Possibly missing firmware for module: 'qed'
==> WARNING: Possibly missing firmware for module: 'bfa'
==> WARNING: Possibly missing firmware for module: 'qla1280'
==> WARNING: Possibly missing firmware for module: 'qla2xxx'
==> WARNING: Possibly missing firmware for module: 'wd719x'
==> WARNING: Possibly missing firmware for module: 'aic94xx'
  -> Running build hook: [filesystems]
  -> Running build hook: [fsck]
==> Generating module dependencies
==> Creating zstd-compressed initcpio image: '/boot/initramfs-linux-fallback.img'
  -> Early uncompressed CPIO image generation successful
==> Initcpio image generation successful
error: command failed to execute correctly
(14/25) Reloading system bus configuration...
  Skipped: Current root is not booted.
(15/25) Checking for old perl modules...
perl: warning: Setting locale failed.
perl: warning: Please check that your locale settings:
	LANGUAGE = "it_IT",
	LC_ALL = (unset),
	LC_CTYPE = (unset),
	LC_NUMERIC = "it_IT.UTF-8",
	LC_COLLATE = (unset),
	LC_TIME = "it_IT.UTF-8",
	LC_MESSAGES = (unset),
	LC_MONETARY = "it_IT.UTF-8",
	LC_ADDRESS = "it_IT.UTF-8",
	LC_IDENTIFICATION = "it_IT.UTF-8",
	LC_MEASUREMENT = "it_IT.UTF-8",
	LC_PAPER = "it_IT.UTF-8",
	LC_TELEPHONE = "it_IT.UTF-8",
	LC_NAME = "it_IT.UTF-8",
	LANG = "C"
    are supported and installed on your system.
perl: warning: Falling back to the standard locale ("C").
(16/25) Updating fontconfig cache...
(17/25) Probing GDK-Pixbuf loader modules...
(18/25) Updating GIO module cache...
(19/25) Compiling GSettings XML schema files...
(20/25) Probing GTK3 input method modules...
(21/25) Updating icon theme caches...
(22/25) Displaying openrc service help ...
	==> Add a service to runlevel:
	rc-update add <service> <runlevel> 
	==> Start/stop/restart a service:
	rc-service <service> <start/stop/restart> 
(23/25) Displaying openrc user service help ...
	==> Add a user service to runlevel:
	rc-update add <service> <runlevel> --user
	==> Start/stop/restart a user service:
	rc-service <service> <start/stop/restart> --user
(24/25) Updating the info directory file...
(25/25) Updating the desktop file MIME type cache...
==> Creating install root at /mnt/artix
==> Installing packages to /mnt/artix
:: Synchronizing package databases...
 system downloading...
 world downloading...
 galaxy downloading...
 lib32 downloading...
 universe downloading...
 extra downloading...
 multilib downloading...
 chaotic-aur downloading...
warning: linux-firmware-20250508.788aadc8-2 is up to date -- reinstalling
resolving dependencies...
looking for conflicting packages...

Package (3)               Old Version          New Version          Net Change  Download Size

system/linux-firmware     20250508.788aadc8-2  20250508.788aadc8-2    0,00 MiB               
galaxy/linux-zen                               6.15.2.zen1-1        146,39 MiB     146,18 MiB
galaxy/linux-zen-headers                       6.15.2.zen1-1        236,90 MiB      52,12 MiB

Total Download Size:   198,30 MiB
Total Installed Size:  664,17 MiB
Net Upgrade Size:      383,29 MiB

:: Proceed with installation? [Y/n] 
:: Retrieving packages...
 linux-zen-6.15.2.zen1-1-x86_64 downloading...
 linux-zen-headers-6.15.2.zen1-1-x86_64 downloading...
checking keyring...
checking package integrity...
loading package files...
checking for file conflicts...
checking available disk space...
:: Processing package changes...
installing linux-zen...
Optional dependencies for linux-zen
    linux-firmware: firmware images needed for some devices [installed]
    scx-scheds: to use sched-ext schedulers
    wireless-regdb: to set the correct wireless channels of your country
installing linux-zen-headers...
reinstalling linux-firmware...
:: Running post-transaction hooks...
(1/3) Updating module dependencies...
(2/3) Install DKMS modules
(3/3) Updating linux initcpios...
==> Building image from preset: /etc/mkinitcpio.d/linux-zen.preset: 'default'
==> Using default configuration file: '/etc/mkinitcpio.conf'
  -> -k /boot/vmlinuz-linux-zen -g /boot/initramfs-linux-zen.img
==> Starting build: '6.15.2-zen1-1-zen'
  -> Running build hook: [base]
  -> Running build hook: [udev]
  -> Running build hook: [autodetect]
  -> Running build hook: [microcode]
  -> Running build hook: [modconf]
  -> Running build hook: [kms]
  -> Running build hook: [keyboard]
  -> Running build hook: [keymap]
  -> Running build hook: [consolefont]
==> WARNING: consolefont: no font found in configuration
  -> Running build hook: [block]
  -> Running build hook: [filesystems]
  -> Running build hook: [fsck]
==> WARNING: No fsck helpers found. fsck will not be run on boot.
==> Generating module dependencies
==> Creating zstd-compressed initcpio image: '/boot/initramfs-linux-zen.img'
==> WARNING: errors were encountered during the build. The image may not be complete.
==> Building image from preset: /etc/mkinitcpio.d/linux-zen.preset: 'fallback'
==> Using default configuration file: '/etc/mkinitcpio.conf'
  -> -k /boot/vmlinuz-linux-zen -g /boot/initramfs-linux-zen-fallback.img -S autodetect
==> Starting build: '6.15.2-zen1-1-zen'
  -> Running build hook: [base]
  -> Running build hook: [udev]
  -> Running build hook: [microcode]
  -> Running build hook: [modconf]
  -> Running build hook: [kms]
==> WARNING: Possibly missing firmware for module: 'ast'
  -> Running build hook: [keyboard]
==> WARNING: Possibly missing firmware for module: 'xhci_pci_renesas'
  -> Running build hook: [keymap]
  -> Running build hook: [consolefont]
==> WARNING: consolefont: no font found in configuration
  -> Running build hook: [block]
==> WARNING: Possibly missing firmware for module: 'qla2xxx'
==> WARNING: Possibly missing firmware for module: 'aic94xx'
==> WARNING: Possibly missing firmware for module: 'qed'
==> WARNING: Possibly missing firmware for module: 'bfa'
==> WARNING: Possibly missing firmware for module: 'qla1280'
==> WARNING: Possibly missing firmware for module: 'wd719x'
  -> Running build hook: [filesystems]
  -> Running build hook: [fsck]
==> Generating module dependencies
==> Creating zstd-compressed initcpio image: '/boot/initramfs-linux-zen-fallback.img'
  -> Early uncompressed CPIO image generation successful
==> Initcpio image generation successful
==> Building image from preset: /etc/mkinitcpio.d/linux.preset: 'default'
==> Using default configuration file: '/etc/mkinitcpio.conf'
  -> -k /boot/vmlinuz-linux -g /boot/initramfs-linux.img
==> Starting build: '6.15.2-artix1-1'
  -> Running build hook: [base]
  -> Running build hook: [udev]
  -> Running build hook: [autodetect]
  -> Running build hook: [microcode]
  -> Running build hook: [modconf]
  -> Running build hook: [kms]
  -> Running build hook: [keyboard]
  -> Running build hook: [keymap]
  -> Running build hook: [consolefont]
==> WARNING: consolefont: no font found in configuration
  -> Running build hook: [block]
  -> Running build hook: [filesystems]
  -> Running build hook: [fsck]
==> WARNING: No fsck helpers found. fsck will not be run on boot.
==> Generating module dependencies
==> Creating zstd-compressed initcpio image: '/boot/initramfs-linux.img'
==> WARNING: errors were encountered during the build. The image may not be complete.
==> Building image from preset: /etc/mkinitcpio.d/linux.preset: 'fallback'
==> Using default configuration file: '/etc/mkinitcpio.conf'
  -> -k /boot/vmlinuz-linux -g /boot/initramfs-linux-fallback.img -S autodetect
==> Starting build: '6.15.2-artix1-1'
  -> Running build hook: [base]
  -> Running build hook: [udev]
  -> Running build hook: [microcode]
  -> Running build hook: [modconf]
  -> Running build hook: [kms]
==> WARNING: Possibly missing firmware for module: 'ast'
  -> Running build hook: [keyboard]
==> WARNING: Possibly missing firmware for module: 'xhci_pci_renesas'
  -> Running build hook: [keymap]
  -> Running build hook: [consolefont]
==> WARNING: consolefont: no font found in configuration
  -> Running build hook: [block]
==> WARNING: Possibly missing firmware for module: 'qed'
==> WARNING: Possibly missing firmware for module: 'bfa'
==> WARNING: Possibly missing firmware for module: 'qla1280'
==> WARNING: Possibly missing firmware for module: 'qla2xxx'
==> WARNING: Possibly missing firmware for module: 'wd719x'
==> WARNING: Possibly missing firmware for module: 'aic94xx'
  -> Running build hook: [filesystems]
  -> Running build hook: [fsck]
==> Generating module dependencies
==> Creating zstd-compressed initcpio image: '/boot/initramfs-linux-fallback.img'
  -> Early uncompressed CPIO image generation successful
==> Initcpio image generation successful
error: command failed to execute correctly
==> Creating install root at /mnt/artix
==> Installing packages to /mnt/artix
loading packages...
resolving dependencies...
looking for conflicting packages...
warning: removing 'zfs-utils-2.1.9-1' from target list because it conflicts with 'zfs-utils-git-2.3.2.r180.gbd27b75-1'
warning: removing 'zfs-dkms-2.1.9-1' from target list because it conflicts with 'zfs-dkms-git-2.3.2.r180.gbd27b75-1'

Package (3)                New Version            Net Change  Download Size

chaotic-aur/zfs-dkms-git   2.3.2.r180.gbd27b75-1   18,45 MiB       3,36 MiB
chaotic-aur/zfs-utils-git  2.3.2.r180.gbd27b75-1   10,16 MiB       3,23 MiB
zfs-openrc                 20241023-1               0,02 MiB               

Total Download Size:    6,59 MiB
Total Installed Size:  28,63 MiB

:: Proceed with installation? [Y/n] 
:: Retrieving packages...
 zfs-dkms-git-2.3.2.r180.gbd27b75-1-any downloading...
 zfs-utils-git-2.3.2.r180.gbd27b75-1-x86_64 downloading...
checking keyring...
checking package integrity...
error: zfs-utils-git: signature from "TNE <tne@garudalinux.org>" is unknown trust
:: File /mnt/artix/var/cache/pacman/pkg/zfs-utils-git-2.3.2.r180.gbd27b75-1-x86_64.pkg.tar.zst is corrupted (invalid or corrupted package (PGP signature)).
Do you want to delete it? [Y/n] error: zfs-dkms-git: signature from "TNE <tne@garudalinux.org>" is unknown trust

:: File /mnt/artix/var/cache/pacman/pkg/zfs-dkms-git-2.3.2.r180.gbd27b75-1-any.pkg.tar.zst is corrupted (invalid or corrupted package (PGP signature)).
Do you want to delete it? [Y/n] error: failed to commit transaction (invalid or corrupted package (PGP signature))

Errors occurred, no packages were upgraded.
==> ERROR: Failed to install packages to new root
[INFO]  [2025-06-15 10:37:34] Package installation completed successfully
[INFO]  [2025-06-15 10:37:34] Starting fstab generation
[INFO]  [2025-06-15 10:37:34] fstab generation completed successfully
[INFO]  [2025-06-15 10:37:36] Starting initramfs configuration
HOOKS=(base udev autodetect modconf block keyboard zfs filesystems)
==> Building image from preset: /etc/mkinitcpio.d/linux-zen.preset: 'default'
==> Using default configuration file: '/etc/mkinitcpio.conf'
  -> -k /boot/vmlinuz-linux-zen -g /boot/initramfs-linux-zen.img
==> Starting build: '6.15.2-zen1-1-zen'
  -> Running build hook: [base]
  -> Running build hook: [udev]
  -> Running build hook: [autodetect]
  -> Running build hook: [modconf]
  -> Running build hook: [block]
  -> Running build hook: [keyboard]
==> ERROR: Hook 'zfs' cannot be found
  -> Running build hook: [filesystems]
==> Generating module dependencies
==> Creating zstd-compressed initcpio image: '/boot/initramfs-linux-zen.img'
==> WARNING: errors were encountered during the build. The image may not be complete.
==> Building image from preset: /etc/mkinitcpio.d/linux-zen.preset: 'fallback'
==> Using default configuration file: '/etc/mkinitcpio.conf'
  -> -k /boot/vmlinuz-linux-zen -g /boot/initramfs-linux-zen-fallback.img -S autodetect
==> Starting build: '6.15.2-zen1-1-zen'
  -> Running build hook: [base]
  -> Running build hook: [udev]
  -> Running build hook: [modconf]
  -> Running build hook: [block]
==> WARNING: Possibly missing firmware for module: 'qla2xxx'
==> WARNING: Possibly missing firmware for module: 'aic94xx'
==> WARNING: Possibly missing firmware for module: 'qed'
==> WARNING: Possibly missing firmware for module: 'bfa'
==> WARNING: Possibly missing firmware for module: 'qla1280'
==> WARNING: Possibly missing firmware for module: 'wd719x'
==> WARNING: Possibly missing firmware for module: 'xhci_pci_renesas'
  -> Running build hook: [keyboard]
==> ERROR: Hook 'zfs' cannot be found
  -> Running build hook: [filesystems]
==> Generating module dependencies
==> Creating zstd-compressed initcpio image: '/boot/initramfs-linux-zen-fallback.img'
==> WARNING: errors were encountered during the build. The image may not be complete.
==> Building image from preset: /etc/mkinitcpio.d/linux.preset: 'default'
==> Using default configuration file: '/etc/mkinitcpio.conf'
  -> -k /boot/vmlinuz-linux -g /boot/initramfs-linux.img
==> Starting build: '6.15.2-artix1-1'
  -> Running build hook: [base]
  -> Running build hook: [udev]
  -> Running build hook: [autodetect]
  -> Running build hook: [modconf]
  -> Running build hook: [block]
  -> Running build hook: [keyboard]
==> ERROR: Hook 'zfs' cannot be found
  -> Running build hook: [filesystems]
==> Generating module dependencies
==> Creating zstd-compressed initcpio image: '/boot/initramfs-linux.img'
==> WARNING: errors were encountered during the build. The image may not be complete.
==> Building image from preset: /etc/mkinitcpio.d/linux.preset: 'fallback'
==> Using default configuration file: '/etc/mkinitcpio.conf'
  -> -k /boot/vmlinuz-linux -g /boot/initramfs-linux-fallback.img -S autodetect
==> Starting build: '6.15.2-artix1-1'
  -> Running build hook: [base]
  -> Running build hook: [udev]
  -> Running build hook: [modconf]
  -> Running build hook: [block]
==> WARNING: Possibly missing firmware for module: 'qed'
==> WARNING: Possibly missing firmware for module: 'bfa'
==> WARNING: Possibly missing firmware for module: 'qla1280'
==> WARNING: Possibly missing firmware for module: 'qla2xxx'
==> WARNING: Possibly missing firmware for module: 'wd719x'
==> WARNING: Possibly missing firmware for module: 'aic94xx'
==> WARNING: Possibly missing firmware for module: 'xhci_pci_renesas'
  -> Running build hook: [keyboard]
==> ERROR: Hook 'zfs' cannot be found
  -> Running build hook: [filesystems]
==> Generating module dependencies
==> Creating zstd-compressed initcpio image: '/boot/initramfs-linux-fallback.img'
==> WARNING: errors were encountered during the build. The image may not be complete.
[INFO]  [2025-06-15 10:37:51] initramfs configuration completed
[INFO]  [2025-06-15 10:37:51] Starting final system configuration
[INFO]  [2025-06-15 10:37:51] Using provided locale: it_IT.UTF-8
Generating locales...
  it_IT.UTF-8... done
  en_US.UTF-8... done
Generation complete.
[INFO]  [2025-06-15 10:37:53] Base system configuration completed
[INFO]  [2025-06-15 10:37:53] Starting chroot environment preparation
[INFO]  [2025-06-15 10:37:53] Chroot environment prepared successfully
[INFO]  [2025-06-15 10:37:53] Starting chroot installation
[INFO]  [2025-06-15 10:38:16] Chroot script completed
[INFO]  [2025-06-15 10:38:16] Installation completed successfully
[INFO]  [2025-06-15 10:38:16] Saving installation logs
